<?xml version="1.0" encoding="UTF-8"?>
<testng-results ignored="0" total="5" passed="5" failed="0" skipped="0">
  <reporter-output>
  </reporter-output>
  <suite started-at="2023-09-23T18:14:57 IST" name="Suite" finished-at="2023-09-23T18:14:57 IST" duration-ms="150">
    <groups>
      <group name="smoke">
        <method signature="Payment.COD()[pri:0, instance:Group.Payment@327514f]" name="COD" class="Group.Payment"/>
        <method signature="User.logout()[pri:0, instance:Group.User@4c402120]" name="logout" class="Group.User"/>
        <method signature="User.profile()[pri:0, instance:Group.User@4c402120]" name="profile" class="Group.User"/>
      </group> <!-- smoke -->
      <group name="purchase">
        <method signature="Payment.UPI()[pri:0, instance:Group.Payment@351d00c0]" name="UPI" class="Group.Payment"/>
        <method signature="User.login()[pri:0, instance:Group.User@49e53c76]" name="login" class="Group.User"/>
      </group> <!-- purchase -->
    </groups>
    <test started-at="2023-09-23T18:14:57 IST" name="Test" finished-at="2023-09-23T18:14:57 IST" duration-ms="71">
      <class name="Group.User">
        <test-method signature="login()[pri:0, instance:Group.User@49e53c76]" started-at="2023-09-23T18:14:57 IST" name="login" finished-at="2023-09-23T18:14:57 IST" duration-ms="10" status="PASS">
          <reporter-output>
          </reporter-output>
        </test-method> <!-- login -->
      </class> <!-- Group.User -->
      <class name="Group.Payment">
        <test-method signature="UPI()[pri:0, instance:Group.Payment@351d00c0]" started-at="2023-09-23T18:14:57 IST" name="UPI" finished-at="2023-09-23T18:14:57 IST" duration-ms="1" status="PASS">
          <reporter-output>
          </reporter-output>
        </test-method> <!-- UPI -->
      </class> <!-- Group.Payment -->
    </test> <!-- Test -->
    <test started-at="2023-09-23T18:14:57 IST" name="Test2" finished-at="2023-09-23T18:14:57 IST" duration-ms="12">
      <class name="Group.User">
        <test-method signature="logout()[pri:0, instance:Group.User@4c402120]" started-at="2023-09-23T18:14:57 IST" name="logout" finished-at="2023-09-23T18:14:57 IST" duration-ms="2" status="PASS">
          <reporter-output>
          </reporter-output>
        </test-method> <!-- logout -->
        <test-method signature="profile()[pri:0, instance:Group.User@4c402120]" started-at="2023-09-23T18:14:57 IST" name="profile" finished-at="2023-09-23T18:14:57 IST" duration-ms="2" status="PASS">
          <reporter-output>
          </reporter-output>
        </test-method> <!-- profile -->
      </class> <!-- Group.User -->
      <class name="Group.Payment">
        <test-method signature="COD()[pri:0, instance:Group.Payment@327514f]" started-at="2023-09-23T18:14:57 IST" name="COD" finished-at="2023-09-23T18:14:57 IST" duration-ms="1" status="PASS">
          <reporter-output>
          </reporter-output>
        </test-method> <!-- COD -->
      </class> <!-- Group.Payment -->
    </test> <!-- Test2 -->
  </suite> <!-- Suite -->
</testng-results>
