<?xml version="1.0" encoding="UTF-8"?>
<!-- Generated by org.testng.reporters.JUnitXMLReporter -->
<testsuite ignored="9" hostname="LAPTOP-8BFANB37" failures="0" tests="2" name="Test" time="0.071" errors="0" timestamp="2023-09-23T18:14:57 IST">
  <testcase classname="Group.User" name="login" time="0.01"/>
  <testcase classname="Group.Payment" name="UPI" time="0.001"/>
  <testcase classname="Group.Payment" name="debitcard" time="0.0">
    <ignored/>
  </testcase> <!-- debitcard -->
  <testcase classname="Group.Product" name="searchproduct" time="0.0">
    <ignored/>
  </testcase> <!-- searchproduct -->
  <testcase classname="Group.User" name="profile" time="0.0">
    <ignored/>
  </testcase> <!-- profile -->
  <testcase classname="Group.Payment" name="COD" time="0.0">
    <ignored/>
  </testcase> <!-- COD -->
  <testcase classname="Group.Product" name="addtowishlist" time="0.0">
    <ignored/>
  </testcase> <!-- addtowishlist -->
  <testcase classname="Group.User" name="register" time="0.0">
    <ignored/>
  </testcase> <!-- register -->
  <testcase classname="Group.Product" name="addtocart" time="0.0">
    <ignored/>
  </testcase> <!-- addtocart -->
  <testcase classname="Group.User" name="logout" time="0.0">
    <ignored/>
  </testcase> <!-- logout -->
  <testcase classname="Group.Payment" name="Creditcard" time="0.0">
    <ignored/>
  </testcase> <!-- Creditcard -->
</testsuite> <!-- Test -->
